<?xml version="1.0" encoding="UTF-8"?>
<testng-results ignored="0" total="3" passed="3" failed="0" skipped="0">
  <reporter-output>
  </reporter-output>
  <suite started-at="2026-07-24T16:43:53 IST" name="DemoSuite" finished-at="2026-07-24T16:44:43 IST" duration-ms="50444">
    <groups>
      <group name="cucumber">
        <method signature="AbstractTestNGCucumberTests.runScenario(io.cucumber.testng.PickleWrapper,io.cucumber.testng.FeatureWrapper)[pri:0, instance:runner.RunnerCucumber@2473d930]" name="runScenario" class="io.cucumber.testng.AbstractTestNGCucumberTests"/>
      </group> <!-- cucumber -->
    </groups>
    <test started-at="2026-07-24T16:43:53 IST" name="DemoTests" finished-at="2026-07-24T16:44:43 IST" duration-ms="50444">
      <class name="runner.RunnerCucumber">
        <test-method is-config="true" signature="setUpClass(org.testng.ITestContext)[pri:0, instance:runner.RunnerCucumber@2473d930]" started-at="2026-07-24T16:43:53 IST" name="setUpClass" finished-at="2026-07-24T16:43:54 IST" duration-ms="717" status="PASS">
          <params>
            <param index="0">
              <value>
                <![CDATA[org.testng.TestRunner@2643d762]]>
              </value>
            </param>
          </params>
          <reporter-output>
          </reporter-output>
        </test-method> <!-- setUpClass -->
        <test-method signature="runScenario(io.cucumber.testng.PickleWrapper,io.cucumber.testng.FeatureWrapper)[pri:0, instance:runner.RunnerCucumber@2473d930]" started-at="2026-07-24T16:43:54 IST" name="runScenario" description="Runs Cucumber Scenarios" data-provider="scenarios" finished-at="2026-07-24T16:44:16 IST" duration-ms="22340" status="PASS">
          <params>
            <param index="0">
              <value>
                <![CDATA["Create lead"]]>
              </value>
            </param>
            <param index="1">
              <value>
                <![CDATA["verify leads leafTaps Application"]]>
              </value>
            </param>
          </params>
          <reporter-output>
          </reporter-output>
        </test-method> <!-- runScenario -->
        <test-method signature="runScenario(io.cucumber.testng.PickleWrapper,io.cucumber.testng.FeatureWrapper)[pri:0, instance:runner.RunnerCucumber@2473d930]" started-at="2026-07-24T16:44:16 IST" name="runScenario" description="Runs Cucumber Scenarios" data-provider="scenarios" finished-at="2026-07-24T16:44:28 IST" duration-ms="12381" status="PASS">
          <params>
            <param index="0">
              <value>
                <![CDATA["Create lead"]]>
              </value>
            </param>
            <param index="1">
              <value>
                <![CDATA["verify leads leafTaps Application"]]>
              </value>
            </param>
          </params>
          <reporter-output>
          </reporter-output>
        </test-method> <!-- runScenario -->
        <test-method signature="runScenario(io.cucumber.testng.PickleWrapper,io.cucumber.testng.FeatureWrapper)[pri:0, instance:runner.RunnerCucumber@2473d930]" started-at="2026-07-24T16:44:28 IST" name="runScenario" description="Runs Cucumber Scenarios" data-provider="scenarios" finished-at="2026-07-24T16:44:41 IST" duration-ms="12854" status="PASS">
          <params>
            <param index="0">
              <value>
                <![CDATA["Create lead"]]>
              </value>
            </param>
            <param index="1">
              <value>
                <![CDATA["verify leads leafTaps Application"]]>
              </value>
            </param>
          </params>
          <reporter-output>
          </reporter-output>
        </test-method> <!-- runScenario -->
        <test-method is-config="true" signature="tearDownClass()[pri:0, instance:runner.RunnerCucumber@2473d930]" started-at="2026-07-24T16:44:41 IST" name="tearDownClass" finished-at="2026-07-24T16:44:43 IST" duration-ms="2085" status="PASS">
          <reporter-output>
          </reporter-output>
        </test-method> <!-- tearDownClass -->
      </class> <!-- runner.RunnerCucumber -->
    </test> <!-- DemoTests -->
  </suite> <!-- DemoSuite -->
</testng-results>
