<?xml version="1.0" encoding="UTF-8"?>
<!-- Generated by org.testng.reporters.JUnitReportReporter -->
<testsuite hostname="LAPTOP-JCC1Q30I" failures="0" tests="3" name="runner.RunnerCucumber" time="47.575" errors="0" timestamp="2026-07-24T16:44:43 IST" skipped="0">
  <testcase classname="runner.RunnerCucumber" name="runScenario" time="12.854"/>
  <testcase classname="runner.RunnerCucumber" name="runScenario" time="22.340"/>
  <testcase classname="runner.RunnerCucumber" name="runScenario" time="12.381"/>
</testsuite> <!-- runner.RunnerCucumber -->
